# JRE version: OpenJDK Runtime Environment (8.0_342-b07) (build 1.8.0_342-b07)
# Java VM: OpenJDK 64-Bit Server VM (25.342-b07 mixed mode windows-amd64 compressed oops)
Heap:
 PSYoungGen      total 140800K, used 11897K [0x000000076b700000, 0x0000000774b00000, 0x00000007c0000000)
  eden space 130048K, 9% used [0x000000076b700000,0x000000076c29e420,0x0000000773600000)
  from space 10752K, 0% used [0x0000000774080000,0x0000000774080000,0x0000000774b00000)
  to   space 10752K, 0% used [0x0000000773600000,0x0000000773600000,0x0000000774080000)
 ParOldGen       total 111616K, used 8996K [0x00000006c2400000, 0x00000006c9100000, 0x000000076b700000)
  object space 111616K, 8% used [0x00000006c2400000,0x00000006c2cc92e0,0x00000006c9100000)
 Metaspace       used 20667K, capacity 22042K, committed 22192K, reserved 1069056K
  class space    used 2896K, capacity 3190K, committed 3248K, reserved 1048576K
GC Heap History (6 events):
Event: 1.620 GC heap before
{Heap before GC invocations=1 (full 0):
 PSYoungGen      total 75776K, used 65024K [0x000000076b700000, 0x0000000770b80000, 0x00000007c0000000)
  eden space 65024K, 100% used [0x000000076b700000,0x000000076f680000,0x000000076f680000)
  from space 10752K, 0% used [0x0000000770100000,0x0000000770100000,0x0000000770b80000)
  to   space 10752K, 0% used [0x000000076f680000,0x000000076f680000,0x0000000770100000)
 ParOldGen       total 173568K, used 0K [0x00000006c2400000, 0x00000006ccd80000, 0x000000076b700000)
  object space 173568K, 0% used [0x00000006c2400000,0x00000006c2400000,0x00000006ccd80000)
 Metaspace       used 18820K, capacity 19994K, committed 20096K, reserved 1067008K
  class space    used 2668K, capacity 2914K, committed 2944K, reserved 1048576K
Event: 1.642 GC heap after
Heap after GC invocations=1 (full 0):
 PSYoungGen      total 75776K, used 10751K [0x000000076b700000, 0x0000000774b00000, 0x00000007c0000000)
  eden space 65024K, 0% used [0x000000076b700000,0x000000076b700000,0x000000076f680000)
  from space 10752K, 99% used [0x000000076f680000,0x00000007700ffd00,0x0000000770100000)
  to   space 10752K, 0% used [0x0000000774080000,0x0000000774080000,0x0000000774b00000)
 ParOldGen       total 173568K, used 3625K [0x00000006c2400000, 0x00000006ccd80000, 0x000000076b700000)
  object space 173568K, 2% used [0x00000006c2400000,0x00000006c278a4a0,0x00000006ccd80000)
 Metaspace       used 18820K, capacity 19994K, committed 20096K, reserved 1067008K
  class space    used 2668K, capacity 2914K, committed 2944K, reserved 1048576K
}
Event: 2.006 GC heap before
{Heap before GC invocations=2 (full 0):
 PSYoungGen      total 75776K, used 23069K [0x000000076b700000, 0x0000000774b00000, 0x00000007c0000000)
  eden space 65024K, 18% used [0x000000076b700000,0x000000076c307a40,0x000000076f680000)
  from space 10752K, 99% used [0x000000076f680000,0x00000007700ffd00,0x0000000770100000)
  to   space 10752K, 0% used [0x0000000774080000,0x0000000774080000,0x0000000774b00000)
 ParOldGen       total 173568K, used 3625K [0x00000006c2400000, 0x00000006ccd80000, 0x000000076b700000)
  object space 173568K, 2% used [0x00000006c2400000,0x00000006c278a4a0,0x00000006ccd80000)
 Metaspace       used 19939K, capacity 21234K, committed 21296K, reserved 1067008K
  class space    used 2798K, capacity 3088K, committed 3120K, reserved 1048576K
Event: 2.022 GC heap after
Heap after GC invocations=2 (full 0):
 PSYoungGen      total 140800K, used 8759K [0x000000076b700000, 0x0000000774b00000, 0x00000007c0000000)
  eden space 130048K, 0% used [0x000000076b700000,0x000000076b700000,0x0000000773600000)
  from space 10752K, 81% used [0x0000000774080000,0x000000077490dea8,0x0000000774b00000)
  to   space 10752K, 0% used [0x0000000773600000,0x0000000773600000,0x0000000774080000)
 ParOldGen       total 173568K, used 3633K [0x00000006c2400000, 0x00000006ccd80000, 0x000000076b700000)
  object space 173568K, 2% used [0x00000006c2400000,0x00000006c278c4a0,0x00000006ccd80000)
 Metaspace       used 19939K, capacity 21234K, committed 21296K, reserved 1067008K
  class space    used 2798K, capacity 3088K, committed 3120K, reserved 1048576K
}
Event: 2.022 GC heap before
{Heap before GC invocations=3 (full 1):
 PSYoungGen      total 140800K, used 8759K [0x000000076b700000, 0x0000000774b00000, 0x00000007c0000000)
  eden space 130048K, 0% used [0x000000076b700000,0x000000076b700000,0x0000000773600000)
  from space 10752K, 81% used [0x0000000774080000,0x000000077490dea8,0x0000000774b00000)
  to   space 10752K, 0% used [0x0000000773600000,0x0000000773600000,0x0000000774080000)
 ParOldGen       total 173568K, used 3633K [0x00000006c2400000, 0x00000006ccd80000, 0x000000076b700000)
  object space 173568K, 2% used [0x00000006c2400000,0x00000006c278c4a0,0x00000006ccd80000)
 Metaspace       used 19939K, capacity 21234K, committed 21296K, reserved 1067008K
  class space    used 2798K, capacity 3088K, committed 3120K, reserved 1048576K
Event: 2.081 GC heap after
Heap after GC invocations=3 (full 1):
 PSYoungGen      total 140800K, used 0K [0x000000076b700000, 0x0000000774b00000, 0x00000007c0000000)
  eden space 130048K, 0% used [0x000000076b700000,0x000000076b700000,0x0000000773600000)
  from space 10752K, 0% used [0x0000000774080000,0x0000000774080000,0x0000000774b00000)
  to   space 10752K, 0% used [0x0000000773600000,0x0000000773600000,0x0000000774080000)
 ParOldGen       total 111616K, used 8996K [0x00000006c2400000, 0x00000006c9100000, 0x000000076b700000)
  object space 111616K, 8% used [0x00000006c2400000,0x00000006c2cc92e0,0x00000006c9100000)
 Metaspace       used 19939K, capacity 21234K, committed 21296K, reserved 1067008K
  class space    used 2798K, capacity 3088K, committed 3120K, reserved 1048576K
}

