# JRE version: OpenJDK Runtime Environment (8.0_342-b07) (build 1.8.0_342-b07)
# Java VM: OpenJDK 64-Bit Server VM (25.342-b07 mixed mode windows-amd64 compressed oops)
Heap:
 PSYoungGen      total 75776K, used 8145K [0x000000076b700000, 0x0000000774b00000, 0x00000007c0000000)
  eden space 65024K, 12% used [0x000000076b700000,0x000000076bef4720,0x000000076f680000)
  from space 10752K, 0% used [0x0000000770100000,0x0000000770100000,0x0000000770b80000)
  to   space 10752K, 0% used [0x000000076f680000,0x000000076f680000,0x0000000770100000)
 ParOldGen       total 100864K, used 9044K [0x00000006c2400000, 0x00000006c8680000, 0x000000076b700000)
  object space 100864K, 8% used [0x00000006c2400000,0x00000006c2cd5168,0x00000006c8680000)
 Metaspace       used 20598K, capacity 21968K, committed 22192K, reserved 1069056K
  class space    used 2892K, capacity 3183K, committed 3248K, reserved 1048576K
GC Heap History (6 events):
Event: 4.418 GC heap before
{Heap before GC invocations=1 (full 0):
 PSYoungGen      total 75776K, used 65024K [0x000000076b700000, 0x0000000770b80000, 0x00000007c0000000)
  eden space 65024K, 100% used [0x000000076b700000,0x000000076f680000,0x000000076f680000)
  from space 10752K, 0% used [0x0000000770100000,0x0000000770100000,0x0000000770b80000)
  to   space 10752K, 0% used [0x000000076f680000,0x000000076f680000,0x0000000770100000)
 ParOldGen       total 173568K, used 0K [0x00000006c2400000, 0x00000006ccd80000, 0x000000076b700000)
  object space 173568K, 0% used [0x00000006c2400000,0x00000006c2400000,0x00000006ccd80000)
 Metaspace       used 18818K, capacity 20012K, committed 20096K, reserved 1067008K
  class space    used 2669K, capacity 2917K, committed 2944K, reserved 1048576K
Event: 4.439 GC heap after
Heap after GC invocations=1 (full 0):
 PSYoungGen      total 75776K, used 10745K [0x000000076b700000, 0x0000000770b80000, 0x00000007c0000000)
  eden space 65024K, 0% used [0x000000076b700000,0x000000076b700000,0x000000076f680000)
  from space 10752K, 99% used [0x000000076f680000,0x00000007700fe7c8,0x0000000770100000)
  to   space 10752K, 0% used [0x0000000770100000,0x0000000770100000,0x0000000770b80000)
 ParOldGen       total 173568K, used 3604K [0x00000006c2400000, 0x00000006ccd80000, 0x000000076b700000)
  object space 173568K, 2% used [0x00000006c2400000,0x00000006c2785210,0x00000006ccd80000)
 Metaspace       used 18818K, capacity 20012K, committed 20096K, reserved 1067008K
  class space    used 2669K, capacity 2917K, committed 2944K, reserved 1048576K
}
Event: 4.851 GC heap before
{Heap before GC invocations=2 (full 0):
 PSYoungGen      total 75776K, used 23068K [0x000000076b700000, 0x0000000770b80000, 0x00000007c0000000)
  eden space 65024K, 18% used [0x000000076b700000,0x000000076c3088b8,0x000000076f680000)
  from space 10752K, 99% used [0x000000076f680000,0x00000007700fe7c8,0x0000000770100000)
  to   space 10752K, 0% used [0x0000000770100000,0x0000000770100000,0x0000000770b80000)
 ParOldGen       total 173568K, used 3604K [0x00000006c2400000, 0x00000006ccd80000, 0x000000076b700000)
  object space 173568K, 2% used [0x00000006c2400000,0x00000006c2785210,0x00000006ccd80000)
 Metaspace       used 19939K, capacity 21252K, committed 21296K, reserved 1067008K
  class space    used 2804K, capacity 3091K, committed 3120K, reserved 1048576K
Event: 4.868 GC heap after
Heap after GC invocations=2 (full 0):
 PSYoungGen      total 75776K, used 8735K [0x000000076b700000, 0x0000000774b00000, 0x00000007c0000000)
  eden space 65024K, 0% used [0x000000076b700000,0x000000076b700000,0x000000076f680000)
  from space 10752K, 81% used [0x0000000770100000,0x0000000770987ee8,0x0000000770b80000)
  to   space 10752K, 0% used [0x000000076f680000,0x000000076f680000,0x0000000770100000)
 ParOldGen       total 173568K, used 3612K [0x00000006c2400000, 0x00000006ccd80000, 0x000000076b700000)
  object space 173568K, 2% used [0x00000006c2400000,0x00000006c2787210,0x00000006ccd80000)
 Metaspace       used 19939K, capacity 21252K, committed 21296K, reserved 1067008K
  class space    used 2804K, capacity 3091K, committed 3120K, reserved 1048576K
}
Event: 4.868 GC heap before
{Heap before GC invocations=3 (full 1):
 PSYoungGen      total 75776K, used 8735K [0x000000076b700000, 0x0000000774b00000, 0x00000007c0000000)
  eden space 65024K, 0% used [0x000000076b700000,0x000000076b700000,0x000000076f680000)
  from space 10752K, 81% used [0x0000000770100000,0x0000000770987ee8,0x0000000770b80000)
  to   space 10752K, 0% used [0x000000076f680000,0x000000076f680000,0x0000000770100000)
 ParOldGen       total 173568K, used 3612K [0x00000006c2400000, 0x00000006ccd80000, 0x000000076b700000)
  object space 173568K, 2% used [0x00000006c2400000,0x00000006c2787210,0x00000006ccd80000)
 Metaspace       used 19939K, capacity 21252K, committed 21296K, reserved 1067008K
  class space    used 2804K, capacity 3091K, committed 3120K, reserved 1048576K
Event: 4.920 GC heap after
Heap after GC invocations=3 (full 1):
 PSYoungGen      total 75776K, used 0K [0x000000076b700000, 0x0000000774b00000, 0x00000007c0000000)
  eden space 65024K, 0% used [0x000000076b700000,0x000000076b700000,0x000000076f680000)
  from space 10752K, 0% used [0x0000000770100000,0x0000000770100000,0x0000000770b80000)
  to   space 10752K, 0% used [0x000000076f680000,0x000000076f680000,0x0000000770100000)
 ParOldGen       total 100864K, used 9044K [0x00000006c2400000, 0x00000006c8680000, 0x000000076b700000)
  object space 100864K, 8% used [0x00000006c2400000,0x00000006c2cd5168,0x00000006c8680000)
 Metaspace       used 19939K, capacity 21252K, committed 21296K, reserved 1067008K
  class space    used 2804K, capacity 3091K, committed 3120K, reserved 1048576K
}

