# JRE version: OpenJDK Runtime Environment (8.0_342-b07) (build 1.8.0_342-b07)
# Java VM: OpenJDK 64-Bit Server VM (25.342-b07 mixed mode windows-amd64 compressed oops)
Heap:
 PSYoungGen      total 75776K, used 8145K [0x000000076b700000, 0x0000000774b00000, 0x00000007c0000000)
  eden space 65024K, 12% used [0x000000076b700000,0x000000076bef4400,0x000000076f680000)
  from space 10752K, 0% used [0x0000000770100000,0x0000000770100000,0x0000000770b80000)
  to   space 10752K, 0% used [0x000000076f680000,0x000000076f680000,0x0000000770100000)
 ParOldGen       total 113152K, used 9054K [0x00000006c2400000, 0x00000006c9280000, 0x000000076b700000)
  object space 113152K, 8% used [0x00000006c2400000,0x00000006c2cd7a68,0x00000006c9280000)
 Metaspace       used 20581K, capacity 21964K, committed 22192K, reserved 1069056K
  class space    used 2891K, capacity 3183K, committed 3248K, reserved 1048576K
GC Heap History (6 events):
Event: 2.181 GC heap before
{Heap before GC invocations=1 (full 0):
 PSYoungGen      total 75776K, used 65024K [0x000000076b700000, 0x0000000770b80000, 0x00000007c0000000)
  eden space 65024K, 100% used [0x000000076b700000,0x000000076f680000,0x000000076f680000)
  from space 10752K, 0% used [0x0000000770100000,0x0000000770100000,0x0000000770b80000)
  to   space 10752K, 0% used [0x000000076f680000,0x000000076f680000,0x0000000770100000)
 ParOldGen       total 173568K, used 0K [0x00000006c2400000, 0x00000006ccd80000, 0x000000076b700000)
  object space 173568K, 0% used [0x00000006c2400000,0x00000006c2400000,0x00000006ccd80000)
 Metaspace       used 18783K, capacity 19990K, committed 20096K, reserved 1067008K
  class space    used 2665K, capacity 2914K, committed 2944K, reserved 1048576K
Event: 2.200 GC heap after
Heap after GC invocations=1 (full 0):
 PSYoungGen      total 75776K, used 10749K [0x000000076b700000, 0x0000000770b80000, 0x00000007c0000000)
  eden space 65024K, 0% used [0x000000076b700000,0x000000076b700000,0x000000076f680000)
  from space 10752K, 99% used [0x000000076f680000,0x00000007700ff620,0x0000000770100000)
  to   space 10752K, 0% used [0x0000000770100000,0x0000000770100000,0x0000000770b80000)
 ParOldGen       total 173568K, used 3568K [0x00000006c2400000, 0x00000006ccd80000, 0x000000076b700000)
  object space 173568K, 2% used [0x00000006c2400000,0x00000006c277c3c8,0x00000006ccd80000)
 Metaspace       used 18783K, capacity 19990K, committed 20096K, reserved 1067008K
  class space    used 2665K, capacity 2914K, committed 2944K, reserved 1048576K
}
Event: 2.671 GC heap before
{Heap before GC invocations=2 (full 0):
 PSYoungGen      total 75776K, used 23085K [0x000000076b700000, 0x0000000770b80000, 0x00000007c0000000)
  eden space 65024K, 18% used [0x000000076b700000,0x000000076c30c040,0x000000076f680000)
  from space 10752K, 99% used [0x000000076f680000,0x00000007700ff620,0x0000000770100000)
  to   space 10752K, 0% used [0x0000000770100000,0x0000000770100000,0x0000000770b80000)
 ParOldGen       total 173568K, used 3568K [0x00000006c2400000, 0x00000006ccd80000, 0x000000076b700000)
  object space 173568K, 2% used [0x00000006c2400000,0x00000006c277c3c8,0x00000006ccd80000)
 Metaspace       used 19937K, capacity 21250K, committed 21296K, reserved 1067008K
  class space    used 2805K, capacity 3092K, committed 3120K, reserved 1048576K
Event: 2.686 GC heap after
Heap after GC invocations=2 (full 0):
 PSYoungGen      total 75776K, used 8783K [0x000000076b700000, 0x0000000774b00000, 0x00000007c0000000)
  eden space 65024K, 0% used [0x000000076b700000,0x000000076b700000,0x000000076f680000)
  from space 10752K, 81% used [0x0000000770100000,0x0000000770993ed8,0x0000000770b80000)
  to   space 10752K, 0% used [0x000000076f680000,0x000000076f680000,0x0000000770100000)
 ParOldGen       total 173568K, used 3576K [0x00000006c2400000, 0x00000006ccd80000, 0x000000076b700000)
  object space 173568K, 2% used [0x00000006c2400000,0x00000006c277e3c8,0x00000006ccd80000)
 Metaspace       used 19937K, capacity 21250K, committed 21296K, reserved 1067008K
  class space    used 2805K, capacity 3092K, committed 3120K, reserved 1048576K
}
Event: 2.686 GC heap before
{Heap before GC invocations=3 (full 1):
 PSYoungGen      total 75776K, used 8783K [0x000000076b700000, 0x0000000774b00000, 0x00000007c0000000)
  eden space 65024K, 0% used [0x000000076b700000,0x000000076b700000,0x000000076f680000)
  from space 10752K, 81% used [0x0000000770100000,0x0000000770993ed8,0x0000000770b80000)
  to   space 10752K, 0% used [0x000000076f680000,0x000000076f680000,0x0000000770100000)
 ParOldGen       total 173568K, used 3576K [0x00000006c2400000, 0x00000006ccd80000, 0x000000076b700000)
  object space 173568K, 2% used [0x00000006c2400000,0x00000006c277e3c8,0x00000006ccd80000)
 Metaspace       used 19937K, capacity 21250K, committed 21296K, reserved 1067008K
  class space    used 2805K, capacity 3092K, committed 3120K, reserved 1048576K
Event: 2.743 GC heap after
Heap after GC invocations=3 (full 1):
 PSYoungGen      total 75776K, used 0K [0x000000076b700000, 0x0000000774b00000, 0x00000007c0000000)
  eden space 65024K, 0% used [0x000000076b700000,0x000000076b700000,0x000000076f680000)
  from space 10752K, 0% used [0x0000000770100000,0x0000000770100000,0x0000000770b80000)
  to   space 10752K, 0% used [0x000000076f680000,0x000000076f680000,0x0000000770100000)
 ParOldGen       total 113152K, used 9054K [0x00000006c2400000, 0x00000006c9280000, 0x000000076b700000)
  object space 113152K, 8% used [0x00000006c2400000,0x00000006c2cd7a68,0x00000006c9280000)
 Metaspace       used 19937K, capacity 21250K, committed 21296K, reserved 1067008K
  class space    used 2805K, capacity 3092K, committed 3120K, reserved 1048576K
}

